<?xml version="1.0" encoding="UTF-8" standalone="no"?><Test xmlns="http://localhost">
<Docente/>
<PlanoDeEnsino/>
</Test>